<?xml version="1.0" encoding="UTF-8" ?>
<testsuite tests="8" failures="0" name="CustomAppenderTest" time="16.141" errors="0" skipped="0">
  <properties>
    <property name="mockserver.logLevel" value="DEBUG"/>
    <property name="java.runtime.name" value="OpenJDK Runtime Environment"/>
    <property name="sun.boot.library.path" value="C:\Program Files\AdoptOpenJDK\jdk-8.0.202.08\jre\bin"/>
    <property name="java.vm.version" value="25.202-b08"/>
    <property name="java.vm.vendor" value="Oracle Corporation"/>
    <property name="maven.multiModuleProjectDirectory" value="C:\Users\Aleksi\IdeaProjects\HttpTest"/>
    <property name="java.vendor.url" value="https://adoptopenjdk.net/"/>
    <property name="path.separator" value=";"/>
    <property name="guice.disable.misplaced.annotation.check" value="true"/>
    <property name="java.vm.name" value="OpenJDK 64-Bit Server VM"/>
    <property name="file.encoding.pkg" value="sun.io"/>
    <property name="user.script" value=""/>
    <property name="user.country" value="US"/>
    <property name="sun.java.launcher" value="SUN_STANDARD"/>
    <property name="sun.os.patch.level" value=""/>
    <property name="java.vm.specification.name" value="Java Virtual Machine Specification"/>
    <property name="user.dir" value="C:\Users\Aleksi\IdeaProjects\HttpTest"/>
    <property name="java.runtime.version" value="1.8.0_202-b08"/>
    <property name="java.awt.graphicsenv" value="sun.awt.Win32GraphicsEnvironment"/>
    <property name="java.endorsed.dirs" value="C:\Program Files\AdoptOpenJDK\jdk-8.0.202.08\jre\lib\endorsed"/>
    <property name="os.arch" value="amd64"/>
    <property name="java.io.tmpdir" value="C:\Users\Aleksi\AppData\Local\Temp\"/>
    <property name="line.separator" value="
"/>
    <property name="java.vm.specification.vendor" value="Oracle Corporation"/>
    <property name="user.variant" value=""/>
    <property name="os.name" value="Windows 10"/>
    <property name="mockserver.mockServerPort" value="1080"/>
    <property name="classworlds.conf" value="C:\Users\Aleksi\maven\apache-maven-3.6.0\bin\..\bin\m2.conf"/>
    <property name="sun.jnu.encoding" value="Cp1252"/>
    <property name="java.library.path" value="C:\Program Files\AdoptOpenJDK\jdk-8.0.202.08\bin;C:\WINDOWS\Sun\Java\bin;C:\WINDOWS\system32;C:\WINDOWS;C:\Program Files\AdoptOpenJDK\jdk-8.0.202.08\bin;C:\Program Files (x86)\Common Files\Oracle\Java\javapath;C:\WINDOWS\system32;C:\WINDOWS;C:\WINDOWS\System32\Wbem;C:\WINDOWS\System32\WindowsPowerShell\v1.0\;C:\Program Files\dotnet\;C:\WINDOWS\System32\OpenSSH\;C:\Program Files (x86)\GtkSharp\2.12\bin;C:\Program Files (x86)\NVIDIA Corporation\PhysX\Common;C:\Users\Aleksi\maven\apache-maven-3.6.0\bin;C:\Users\Aleksi\AppData\Local\Microsoft\WindowsApps;C:\Users\Aleksi\AppData\Local\GitHubDesktop\bin;C:\Users\Aleksi\AppData\Local\Android\Sdk\platform-tools;;%USERPROFILE%\AppData\Local\Microsoft\WindowsApps;."/>
    <property name="sun.nio.ch.bugLevel" value=""/>
    <property name="maven.conf" value="C:\Users\Aleksi\maven\apache-maven-3.6.0\bin\../conf"/>
    <property name="java.specification.name" value="Java Platform API Specification"/>
    <property name="java.class.version" value="52.0"/>
    <property name="sun.management.compiler" value="HotSpot 64-Bit Tiered Compilers"/>
    <property name="os.version" value="10.0"/>
    <property name="library.jansi.path" value="C:\Users\Aleksi\maven\apache-maven-3.6.0\bin\..\lib\jansi-native"/>
    <property name="mockserver.sslSubjectAlternativeNameIps" value="0.0.0.0,127.0.0.1"/>
    <property name="user.home" value="C:\Users\Aleksi"/>
    <property name="user.timezone" value="Europe/Athens"/>
    <property name="java.awt.printerjob" value="sun.awt.windows.WPrinterJob"/>
    <property name="java.specification.version" value="1.8"/>
    <property name="file.encoding" value="Cp1252"/>
    <property name="user.name" value="Aleksi"/>
    <property name="java.class.path" value="C:\Users\Aleksi\maven\apache-maven-3.6.0\bin\..\boot\plexus-classworlds-2.5.2.jar"/>
    <property name="org.slf4j.simpleLogger.defaultLogLevel" value="DEBUG"/>
    <property name="java.vm.specification.version" value="1.8"/>
    <property name="sun.arch.data.model" value="64"/>
    <property name="java.home" value="C:\Program Files\AdoptOpenJDK\jdk-8.0.202.08\jre"/>
    <property name="sun.java.command" value="org.codehaus.plexus.classworlds.launcher.Launcher test"/>
    <property name="java.specification.vendor" value="Oracle Corporation"/>
    <property name="user.language" value="en"/>
    <property name="awt.toolkit" value="sun.awt.windows.WToolkit"/>
    <property name="java.vm.info" value="mixed mode"/>
    <property name="java.version" value="1.8.0_202"/>
    <property name="java.ext.dirs" value="C:\Program Files\AdoptOpenJDK\jdk-8.0.202.08\jre\lib\ext;C:\WINDOWS\Sun\Java\lib\ext"/>
    <property name="sun.boot.class.path" value="C:\Program Files\AdoptOpenJDK\jdk-8.0.202.08\jre\lib\resources.jar;C:\Program Files\AdoptOpenJDK\jdk-8.0.202.08\jre\lib\rt.jar;C:\Program Files\AdoptOpenJDK\jdk-8.0.202.08\jre\lib\sunrsasign.jar;C:\Program Files\AdoptOpenJDK\jdk-8.0.202.08\jre\lib\jsse.jar;C:\Program Files\AdoptOpenJDK\jdk-8.0.202.08\jre\lib\jce.jar;C:\Program Files\AdoptOpenJDK\jdk-8.0.202.08\jre\lib\charsets.jar;C:\Program Files\AdoptOpenJDK\jdk-8.0.202.08\jre\lib\jfr.jar;C:\Program Files\AdoptOpenJDK\jdk-8.0.202.08\jre\classes"/>
    <property name="sun.stderr.encoding" value="cp437"/>
    <property name="java.vendor" value="AdoptOpenJdk"/>
    <property name="maven.home" value="C:\Users\Aleksi\maven\apache-maven-3.6.0\bin\.."/>
    <property name="mockserver.sslSubjectAlternativeNameDomains" value="localhost"/>
    <property name="file.separator" value="\"/>
    <property name="java.vendor.url.bug" value="https://github.com/AdoptOpenJDK/openjdk-build/issues"/>
    <property name="sun.cpu.endian" value="little"/>
    <property name="sun.io.unicode.encoding" value="UnicodeLittle"/>
    <property name="sun.stdout.encoding" value="cp437"/>
    <property name="sun.desktop" value="windows"/>
    <property name="sun.cpu.isalist" value="amd64"/>
  </properties>
  <testcase classname="CustomAppenderTest" name="postMessageAsyncSuccess" time="5.65"/>
  <testcase classname="CustomAppenderTest" name="postMessageSuccess" time="1.155"/>
  <testcase classname="CustomAppenderTest" name="testSyncCall" time="0.28"/>
  <testcase classname="CustomAppenderTest" name="testAsyncCall" time="0.062"/>
  <testcase classname="CustomAppenderTest" name="postMessageAsync" time="0.181"/>
  <testcase classname="CustomAppenderTest" name="postMessageAsyncSuccessTwo" time="0.616"/>
  <testcase classname="CustomAppenderTest" name="postMessageFail" time="5.094"/>
  <testcase classname="CustomAppenderTest" name="postMessage" time="3.103"/>
</testsuite>